<?xml version="1.0" encoding="UTF-8"?>
<testng-results skipped="0" failed="0" total="1" passed="1">
  <reporter-output>
  </reporter-output>
  <suite name="Default suite" duration-ms="44826" started-at="2016-06-16T10:34:06Z" finished-at="2016-06-16T10:34:51Z">
    <groups>
    </groups>
    <test name="Default test" duration-ms="44826" started-at="2016-06-16T10:34:06Z" finished-at="2016-06-16T10:34:51Z">
      <class name="login.BeforeLogin">
        <test-method status="PASS" signature="dbTest()[pri:0, instance:login.BeforeLogin@15710fc]" name="dbTest" is-config="true" duration-ms="473" started-at="2016-06-16T16:04:05Z" finished-at="2016-06-16T16:04:06Z">
          <reporter-output>
          </reporter-output>
        </test-method> <!-- dbTest -->
        <test-method status="PASS" signature="setUp()[pri:0, instance:login.BeforeLogin@15710fc]" name="setUp" is-config="true" duration-ms="5602" started-at="2016-06-16T16:04:06Z" finished-at="2016-06-16T16:04:12Z">
          <reporter-output>
          </reporter-output>
        </test-method> <!-- setUp -->
        <test-method status="PASS" signature="login()[pri:0, instance:login.BeforeLogin@15710fc]" name="login" duration-ms="33817" started-at="2016-06-16T16:04:12Z" finished-at="2016-06-16T16:04:45Z">
          <reporter-output>
          </reporter-output>
        </test-method> <!-- login -->
        <test-method status="PASS" signature="tearDown()[pri:0, instance:login.BeforeLogin@15710fc]" name="tearDown" is-config="true" duration-ms="5386" started-at="2016-06-16T16:04:45Z" finished-at="2016-06-16T16:04:51Z">
          <reporter-output>
          </reporter-output>
        </test-method> <!-- tearDown -->
        <test-method status="PASS" signature="dbClose()[pri:0, instance:login.BeforeLogin@15710fc]" name="dbClose" is-config="true" duration-ms="0" started-at="2016-06-16T16:04:51Z" finished-at="2016-06-16T16:04:51Z">
          <reporter-output>
          </reporter-output>
        </test-method> <!-- dbClose -->
      </class> <!-- login.BeforeLogin -->
    </test> <!-- Default test -->
  </suite> <!-- Default suite -->
</testng-results>
